2014-11-17 22:37:59,414 -- connecting to vehicle
2014-11-17 22:37:59,414 -- connecting to vehicle
2014-11-17 22:38:01,416 -- network connection failed
2014-11-17 22:38:01,416 -- network connection failed
2014-11-17 22:38:02,570 -- network connection error - Transmit
2014-11-17 22:38:02,570 -- network connection error - Transmit
2014-11-17 22:38:02,570 -- vehicle connection failed
2014-11-17 22:38:02,570 -- vehicle connection failed
2014-11-17 22:38:04,661 -- user closed controls after network failure
2014-11-17 22:38:04,661 -- user closed controls after network failure
2014-11-17 22:38:26,209 -- connecting to vehicle
2014-11-17 22:38:26,209 -- connecting to vehicle
2014-11-17 22:38:26,317 -- connected to 192.168.1.50
2014-11-17 22:38:26,317 -- connected to 192.168.1.50
2014-11-17 22:38:30,349 -- network connection error - Receive
2014-11-17 22:38:30,349 -- network connection error - Receive
2014-11-17 22:38:30,350 -- vehicle connection failed
2014-11-17 22:38:30,350 -- vehicle connection failed
2014-11-17 22:38:32,445 -- retrying vehicle connection
2014-11-17 22:38:32,445 -- retrying vehicle connection
2014-11-17 22:38:33,316 -- connected to 192.168.1.50
2014-11-17 22:38:33,316 -- connected to 192.168.1.50
2014-11-17 22:38:38,386 -- Input limites applied - poor network
2014-11-17 22:38:38,386 -- Input limites applied - poor network
2014-11-17 22:38:44,392 -- network connection error - Receive
2014-11-17 22:38:44,392 -- network connection error - Receive
2014-11-17 22:38:44,392 -- vehicle connection failed
2014-11-17 22:38:44,392 -- vehicle connection failed
2014-11-17 22:38:48,141 -- retrying vehicle connection
2014-11-17 22:38:48,141 -- retrying vehicle connection
2014-11-17 22:38:48,319 -- connected to 192.168.1.50
2014-11-17 22:38:48,319 -- connected to 192.168.1.50
2014-11-17 22:38:49,708 -- Input limites applied - poor network
2014-11-17 22:38:49,708 -- Input limites applied - poor network
2014-11-17 22:38:51,554 -- Input limites applied - poor network
2014-11-17 22:38:51,554 -- Input limites applied - poor network
2014-11-17 22:38:54,556 -- network connection error - Receive
2014-11-17 22:38:54,556 -- network connection error - Receive
2014-11-17 22:38:54,556 -- vehicle connection failed
2014-11-17 22:38:54,556 -- vehicle connection failed
2014-11-17 22:38:57,381 -- user closed controls after network failure
2014-11-17 22:38:57,381 -- user closed controls after network failure
2014-11-17 22:39:03,665 -- connecting to vehicle
2014-11-17 22:39:03,665 -- connecting to vehicle
2014-11-17 22:39:03,910 -- connected to 192.168.1.50
2014-11-17 22:39:03,910 -- connected to 192.168.1.50
2014-11-17 22:39:06,455 -- Input limites applied - poor network
2014-11-17 22:39:06,455 -- Input limites applied - poor network
2014-11-17 22:39:07,732 -- Input limites applied - poor network
2014-11-17 22:39:07,732 -- Input limites applied - poor network
2014-11-17 22:39:09,348 -- Input limites applied - poor network
2014-11-17 22:39:09,348 -- Input limites applied - poor network
2014-11-17 22:39:11,459 -- network connection error - Receive
2014-11-17 22:39:11,459 -- network connection error - Receive
2014-11-17 22:39:11,459 -- vehicle connection failed
2014-11-17 22:39:11,459 -- vehicle connection failed
2014-11-17 22:39:18,013 -- retrying vehicle connection
2014-11-17 22:39:18,013 -- retrying vehicle connection
2014-11-17 22:39:18,148 -- connected to 192.168.1.50
2014-11-17 22:39:18,148 -- connected to 192.168.1.50
2014-11-17 22:39:19,351 -- Input limites applied - poor network
2014-11-17 22:39:19,351 -- Input limites applied - poor network
2014-11-17 22:39:21,161 -- Input limites applied - poor network
2014-11-17 22:39:21,161 -- Input limites applied - poor network
2014-11-17 22:39:22,352 -- Input limites applied - poor network
2014-11-17 22:39:22,352 -- Input limites applied - poor network
2014-11-17 22:39:23,489 -- Input limites applied - poor network
2014-11-17 22:39:23,489 -- Input limites applied - poor network
2014-11-17 22:39:24,529 -- Input limites applied - poor network
2014-11-17 22:39:24,529 -- Input limites applied - poor network
2014-11-17 22:39:25,479 -- Input limites applied - poor network
2014-11-17 22:39:25,479 -- Input limites applied - poor network
2014-11-17 22:39:26,354 -- Input limites applied - poor network
2014-11-17 22:39:26,354 -- Input limites applied - poor network
2014-11-17 22:39:28,461 -- Input limites applied - poor network
2014-11-17 22:39:28,461 -- Input limites applied - poor network
2014-11-17 22:39:30,453 -- Input limites applied - poor network
2014-11-17 22:39:30,453 -- Input limites applied - poor network
2014-11-17 22:39:32,218 -- Input limites applied - poor network
2014-11-17 22:39:32,218 -- Input limites applied - poor network
2014-11-17 22:39:32,925 -- Input limites applied - poor network
2014-11-17 22:39:32,925 -- Input limites applied - poor network
2014-11-17 22:39:34,345 -- Input limites applied - poor network
2014-11-17 22:39:34,345 -- Input limites applied - poor network
2014-11-17 22:39:35,000 -- Input limites applied - poor network
2014-11-17 22:39:35,000 -- Input limites applied - poor network
2014-11-17 22:39:36,100 -- Input limites applied - poor network
2014-11-17 22:39:36,100 -- Input limites applied - poor network
2014-11-17 22:39:37,350 -- Input limites applied - poor network
2014-11-17 22:39:37,350 -- Input limites applied - poor network
2014-11-17 22:39:37,840 -- Input limites applied - poor network
2014-11-17 22:39:37,840 -- Input limites applied - poor network
2014-11-17 22:39:39,342 -- Input limites applied - poor network
2014-11-17 22:39:39,342 -- Input limites applied - poor network
2014-11-17 22:39:40,299 -- Input limites applied - poor network
2014-11-17 22:39:40,299 -- Input limites applied - poor network
2014-11-17 22:39:42,473 -- network connection error - Receive
2014-11-17 22:39:42,473 -- network connection error - Receive
2014-11-17 22:39:42,473 -- vehicle connection failed
2014-11-17 22:39:42,473 -- vehicle connection failed
2014-11-17 22:39:45,997 -- retrying vehicle connection
2014-11-17 22:39:45,997 -- retrying vehicle connection
2014-11-17 22:39:46,320 -- connected to 192.168.1.50
2014-11-17 22:39:46,320 -- connected to 192.168.1.50
2014-11-17 22:39:47,876 -- Input limites applied - poor network
2014-11-17 22:39:47,876 -- Input limites applied - poor network
2014-11-17 22:39:49,346 -- Input limites applied - poor network
2014-11-17 22:39:49,346 -- Input limites applied - poor network
2014-11-17 22:39:52,197 -- Input limites applied - poor network
2014-11-17 22:39:52,197 -- Input limites applied - poor network
2014-11-17 22:39:52,891 -- Input limites applied - poor network
2014-11-17 22:39:52,891 -- Input limites applied - poor network
2014-11-17 22:39:54,133 -- Input limites applied - poor network
2014-11-17 22:39:54,133 -- Input limites applied - poor network
2014-11-17 22:39:54,943 -- Input limites applied - poor network
2014-11-17 22:39:54,943 -- Input limites applied - poor network
2014-11-17 22:39:55,466 -- Input limites applied - poor network
2014-11-17 22:39:55,466 -- Input limites applied - poor network
2014-11-17 22:39:58,354 -- network connection error - Receive
2014-11-17 22:39:58,354 -- network connection error - Receive
2014-11-17 22:39:58,355 -- vehicle connection failed
2014-11-17 22:39:58,355 -- vehicle connection failed
2014-11-17 22:40:05,813 -- retrying vehicle connection
2014-11-17 22:40:05,813 -- retrying vehicle connection
2014-11-17 22:40:07,411 -- connected to 192.168.1.50
2014-11-17 22:40:07,411 -- connected to 192.168.1.50
2014-11-17 22:40:09,347 -- Input limites applied - poor network
2014-11-17 22:40:09,347 -- Input limites applied - poor network
2014-11-17 22:40:12,664 -- Input limites applied - poor network
2014-11-17 22:40:12,664 -- Input limites applied - poor network
2014-11-17 22:40:13,663 -- Input limites applied - poor network
2014-11-17 22:40:13,663 -- Input limites applied - poor network
2014-11-17 22:40:15,218 -- Input limites applied - poor network
2014-11-17 22:40:15,218 -- Input limites applied - poor network
2014-11-17 22:40:15,668 -- Input limites applied - poor network
2014-11-17 22:40:15,668 -- Input limites applied - poor network
2014-11-17 22:40:16,668 -- Input limites applied - poor network
2014-11-17 22:40:16,668 -- Input limites applied - poor network
2014-11-17 22:40:17,670 -- Input limites applied - poor network
2014-11-17 22:40:17,670 -- Input limites applied - poor network
2014-11-17 22:40:18,672 -- Input limites applied - poor network
2014-11-17 22:40:18,672 -- Input limites applied - poor network
2014-11-17 22:40:19,671 -- Input limites applied - poor network
2014-11-17 22:40:19,671 -- Input limites applied - poor network
2014-11-17 22:40:20,673 -- Input limites applied - poor network
2014-11-17 22:40:20,673 -- Input limites applied - poor network
2014-11-17 22:40:21,676 -- Input limites applied - poor network
2014-11-17 22:40:21,676 -- Input limites applied - poor network
2014-11-17 22:40:22,592 -- Input limites applied - poor network
2014-11-17 22:40:22,592 -- Input limites applied - poor network
2014-11-17 22:40:23,679 -- Input limites applied - poor network
2014-11-17 22:40:23,679 -- Input limites applied - poor network
2014-11-17 22:40:24,680 -- Input limites applied - poor network
2014-11-17 22:40:24,680 -- Input limites applied - poor network
2014-11-17 22:40:25,679 -- Input limites applied - poor network
2014-11-17 22:40:25,679 -- Input limites applied - poor network
2014-11-17 22:40:26,681 -- Input limites applied - poor network
2014-11-17 22:40:26,681 -- Input limites applied - poor network
2014-11-17 22:40:29,350 -- Input limites applied - poor network
2014-11-17 22:40:29,350 -- Input limites applied - poor network
2014-11-17 22:40:31,345 -- Input limites applied - poor network
2014-11-17 22:40:31,345 -- Input limites applied - poor network
2014-11-17 22:40:33,240 -- Input limites applied - poor network
2014-11-17 22:40:33,240 -- Input limites applied - poor network
2014-11-17 22:40:34,351 -- Input limites applied - poor network
2014-11-17 22:40:34,351 -- Input limites applied - poor network
2014-11-17 22:40:36,347 -- Input limites applied - poor network
2014-11-17 22:40:36,347 -- Input limites applied - poor network
2014-11-17 22:40:37,344 -- Input limites applied - poor network
2014-11-17 22:40:37,344 -- Input limites applied - poor network
2014-11-17 22:40:39,079 -- Input limites applied - poor network
2014-11-17 22:40:39,079 -- Input limites applied - poor network
2014-11-17 22:40:39,181 -- Input limites applied - poor network
2014-11-17 22:40:39,181 -- Input limites applied - poor network
2014-11-17 22:40:40,348 -- Input limites applied - poor network
2014-11-17 22:40:40,348 -- Input limites applied - poor network
2014-11-17 22:40:42,462 -- Input limites applied - poor network
2014-11-17 22:40:42,462 -- Input limites applied - poor network
2014-11-17 22:40:44,352 -- Input limites applied - poor network
2014-11-17 22:40:44,352 -- Input limites applied - poor network
2014-11-17 22:40:45,351 -- Input limites applied - poor network
2014-11-17 22:40:45,351 -- Input limites applied - poor network
2014-11-17 22:40:47,349 -- Input limites applied - poor network
2014-11-17 22:40:47,349 -- Input limites applied - poor network
2014-11-17 22:40:48,455 -- Input limites applied - poor network
2014-11-17 22:40:48,455 -- Input limites applied - poor network
2014-11-17 22:40:49,699 -- Input limites applied - poor network
2014-11-17 22:40:49,699 -- Input limites applied - poor network
2014-11-17 22:40:50,704 -- Input limites applied - poor network
2014-11-17 22:40:50,704 -- Input limites applied - poor network
2014-11-17 22:40:51,702 -- Input limites applied - poor network
2014-11-17 22:40:51,702 -- Input limites applied - poor network
2014-11-17 22:40:52,705 -- Input limites applied - poor network
2014-11-17 22:40:52,705 -- Input limites applied - poor network
2014-11-17 22:40:53,710 -- Input limites applied - poor network
2014-11-17 22:40:53,710 -- Input limites applied - poor network
2014-11-17 22:40:54,712 -- Input limites applied - poor network
2014-11-17 22:40:54,712 -- Input limites applied - poor network
2014-11-17 22:40:55,710 -- Input limites applied - poor network
2014-11-17 22:40:55,710 -- Input limites applied - poor network
2014-11-17 22:40:56,713 -- Input limites applied - poor network
2014-11-17 22:40:56,713 -- Input limites applied - poor network
2014-11-17 22:40:57,883 -- Input limites applied - poor network
2014-11-17 22:40:57,883 -- Input limites applied - poor network
2014-11-17 22:40:58,716 -- Input limites applied - poor network
2014-11-17 22:40:58,716 -- Input limites applied - poor network
2014-11-17 22:40:59,716 -- Input limites applied - poor network
2014-11-17 22:40:59,716 -- Input limites applied - poor network
2014-11-17 22:41:00,723 -- Input limites applied - poor network
2014-11-17 22:41:00,723 -- Input limites applied - poor network
2014-11-17 22:41:01,718 -- Input limites applied - poor network
2014-11-17 22:41:01,718 -- Input limites applied - poor network
2014-11-17 22:41:02,723 -- Input limites applied - poor network
2014-11-17 22:41:02,723 -- Input limites applied - poor network
2014-11-17 22:41:03,723 -- Input limites applied - poor network
2014-11-17 22:41:03,723 -- Input limites applied - poor network
2014-11-17 22:41:04,721 -- Input limites applied - poor network
2014-11-17 22:41:04,721 -- Input limites applied - poor network
2014-11-17 22:41:05,723 -- Input limites applied - poor network
2014-11-17 22:41:05,723 -- Input limites applied - poor network
2014-11-17 22:41:06,732 -- Input limites applied - poor network
2014-11-17 22:41:06,732 -- Input limites applied - poor network
2014-11-17 22:41:07,730 -- Input limites applied - poor network
2014-11-17 22:41:07,730 -- Input limites applied - poor network
2014-11-17 22:41:08,728 -- Input limites applied - poor network
2014-11-17 22:41:08,728 -- Input limites applied - poor network
2014-11-17 22:41:09,734 -- Input limites applied - poor network
2014-11-17 22:41:09,734 -- Input limites applied - poor network
2014-11-17 22:41:10,734 -- Input limites applied - poor network
2014-11-17 22:41:10,734 -- Input limites applied - poor network
2014-11-17 22:41:11,742 -- Input limites applied - poor network
2014-11-17 22:41:11,742 -- Input limites applied - poor network
2014-11-17 22:41:12,734 -- Input limites applied - poor network
2014-11-17 22:41:12,734 -- Input limites applied - poor network
2014-11-17 22:41:14,738 -- Input limites applied - poor network
2014-11-17 22:41:14,738 -- Input limites applied - poor network
2014-11-17 22:41:15,635 -- Input limites applied - poor network
2014-11-17 22:41:15,635 -- Input limites applied - poor network
2014-11-17 22:41:16,915 -- Input limites applied - poor network
2014-11-17 22:41:16,915 -- Input limites applied - poor network
2014-11-17 22:41:17,740 -- Input limites applied - poor network
2014-11-17 22:41:17,740 -- Input limites applied - poor network
2014-11-17 22:41:18,843 -- Input limites applied - poor network
2014-11-17 22:41:18,843 -- Input limites applied - poor network
2014-11-17 22:41:19,752 -- Input limites applied - poor network
2014-11-17 22:41:19,752 -- Input limites applied - poor network
2014-11-17 22:41:20,755 -- Input limites applied - poor network
2014-11-17 22:41:20,755 -- Input limites applied - poor network
2014-11-17 22:41:21,690 -- Input limites applied - poor network
2014-11-17 22:41:21,690 -- Input limites applied - poor network
2014-11-17 22:41:24,030 -- Input limites applied - poor network
2014-11-17 22:41:24,030 -- Input limites applied - poor network
2014-11-17 22:41:24,755 -- Input limites applied - poor network
2014-11-17 22:41:24,755 -- Input limites applied - poor network
2014-11-17 22:41:26,869 -- Input limites applied - poor network
2014-11-17 22:41:26,869 -- Input limites applied - poor network
2014-11-17 22:41:28,643 -- Input limites applied - poor network
2014-11-17 22:41:28,643 -- Input limites applied - poor network
2014-11-17 22:41:29,765 -- Input limites applied - poor network
2014-11-17 22:41:29,765 -- Input limites applied - poor network
2014-11-17 22:41:30,765 -- Input limites applied - poor network
2014-11-17 22:41:30,765 -- Input limites applied - poor network
2014-11-17 22:41:31,765 -- Input limites applied - poor network
2014-11-17 22:41:31,765 -- Input limites applied - poor network
2014-11-17 22:41:32,766 -- Input limites applied - poor network
2014-11-17 22:41:32,766 -- Input limites applied - poor network
2014-11-17 22:41:33,776 -- Input limites applied - poor network
2014-11-17 22:41:33,776 -- Input limites applied - poor network
2014-11-17 22:41:34,770 -- Input limites applied - poor network
2014-11-17 22:41:34,770 -- Input limites applied - poor network
2014-11-17 22:41:35,774 -- Input limites applied - poor network
2014-11-17 22:41:35,774 -- Input limites applied - poor network
2014-11-17 22:41:36,776 -- Input limites applied - poor network
2014-11-17 22:41:36,776 -- Input limites applied - poor network
2014-11-17 22:41:37,773 -- Input limites applied - poor network
2014-11-17 22:41:37,773 -- Input limites applied - poor network
2014-11-17 22:41:38,928 -- Input limites applied - poor network
2014-11-17 22:41:38,928 -- Input limites applied - poor network
2014-11-17 22:41:40,898 -- Input limites applied - poor network
2014-11-17 22:41:40,898 -- Input limites applied - poor network
2014-11-17 22:41:41,786 -- Input limites applied - poor network
2014-11-17 22:41:41,786 -- Input limites applied - poor network
2014-11-17 22:41:42,776 -- Input limites applied - poor network
2014-11-17 22:41:42,776 -- Input limites applied - poor network
2014-11-17 22:41:43,782 -- Input limites applied - poor network
2014-11-17 22:41:43,782 -- Input limites applied - poor network
2014-11-17 22:41:45,411 -- Input limites applied - poor network
2014-11-17 22:41:45,411 -- Input limites applied - poor network
2014-11-17 22:41:46,786 -- Input limites applied - poor network
2014-11-17 22:41:46,786 -- Input limites applied - poor network
2014-11-17 22:41:47,787 -- Input limites applied - poor network
2014-11-17 22:41:47,787 -- Input limites applied - poor network
2014-11-17 22:41:48,792 -- Input limites applied - poor network
2014-11-17 22:41:48,792 -- Input limites applied - poor network
2014-11-17 22:41:49,792 -- Input limites applied - poor network
2014-11-17 22:41:49,792 -- Input limites applied - poor network
2014-11-17 22:41:50,796 -- Input limites applied - poor network
2014-11-17 22:41:50,796 -- Input limites applied - poor network
2014-11-17 22:41:51,793 -- Input limites applied - poor network
2014-11-17 22:41:51,793 -- Input limites applied - poor network
2014-11-17 22:41:52,928 -- Input limites applied - poor network
2014-11-17 22:41:52,928 -- Input limites applied - poor network
2014-11-17 22:41:53,796 -- Input limites applied - poor network
2014-11-17 22:41:53,796 -- Input limites applied - poor network
2014-11-17 22:41:54,798 -- Input limites applied - poor network
2014-11-17 22:41:54,798 -- Input limites applied - poor network
2014-11-17 22:41:55,807 -- Input limites applied - poor network
2014-11-17 22:41:55,807 -- Input limites applied - poor network
2014-11-17 22:41:56,807 -- Input limites applied - poor network
2014-11-17 22:41:56,807 -- Input limites applied - poor network
2014-11-17 22:41:57,804 -- Input limites applied - poor network
2014-11-17 22:41:57,804 -- Input limites applied - poor network
2014-11-17 22:41:59,458 -- Input limites applied - poor network
2014-11-17 22:41:59,458 -- Input limites applied - poor network
2014-11-17 22:42:00,807 -- Input limites applied - poor network
2014-11-17 22:42:00,807 -- Input limites applied - poor network
2014-11-17 22:42:01,719 -- Input limites applied - poor network
2014-11-17 22:42:01,719 -- Input limites applied - poor network
2014-11-17 22:42:02,641 -- Input limites applied - poor network
2014-11-17 22:42:02,641 -- Input limites applied - poor network
2014-11-17 22:42:03,765 -- Input limites applied - poor network
2014-11-17 22:42:03,765 -- Input limites applied - poor network
2014-11-17 22:42:04,686 -- Input limites applied - poor network
2014-11-17 22:42:04,686 -- Input limites applied - poor network
2014-11-17 22:42:05,929 -- Input limites applied - poor network
2014-11-17 22:42:05,929 -- Input limites applied - poor network
2014-11-17 22:42:06,817 -- Input limites applied - poor network
2014-11-17 22:42:06,817 -- Input limites applied - poor network
2014-11-17 22:42:07,659 -- Input limites applied - poor network
2014-11-17 22:42:07,659 -- Input limites applied - poor network
2014-11-17 22:42:08,820 -- Input limites applied - poor network
2014-11-17 22:42:08,820 -- Input limites applied - poor network
2014-11-17 22:42:09,823 -- Input limites applied - poor network
2014-11-17 22:42:09,823 -- Input limites applied - poor network
2014-11-17 22:42:10,740 -- Input limites applied - poor network
2014-11-17 22:42:10,740 -- Input limites applied - poor network
2014-11-17 22:42:11,657 -- Input limites applied - poor network
2014-11-17 22:42:11,657 -- Input limites applied - poor network
2014-11-17 22:42:12,780 -- Input limites applied - poor network
2014-11-17 22:42:12,780 -- Input limites applied - poor network
2014-11-17 22:42:13,838 -- Input limites applied - poor network
2014-11-17 22:42:13,838 -- Input limites applied - poor network
2014-11-17 22:42:14,837 -- Input limites applied - poor network
2014-11-17 22:42:14,837 -- Input limites applied - poor network
2014-11-17 22:42:15,838 -- Input limites applied - poor network
2014-11-17 22:42:15,838 -- Input limites applied - poor network
2014-11-17 22:42:17,199 -- Input limites applied - poor network
2014-11-17 22:42:17,199 -- Input limites applied - poor network
2014-11-17 22:42:17,834 -- Input limites applied - poor network
2014-11-17 22:42:17,834 -- Input limites applied - poor network
2014-11-17 22:42:18,838 -- Input limites applied - poor network
2014-11-17 22:42:18,838 -- Input limites applied - poor network
2014-11-17 22:42:19,841 -- Input limites applied - poor network
2014-11-17 22:42:19,841 -- Input limites applied - poor network
2014-11-17 22:42:20,838 -- Input limites applied - poor network
2014-11-17 22:42:20,838 -- Input limites applied - poor network
2014-11-17 22:42:22,843 -- Input limites applied - poor network
2014-11-17 22:42:22,843 -- Input limites applied - poor network
2014-11-17 22:42:24,993 -- Input limites applied - poor network
2014-11-17 22:42:24,993 -- Input limites applied - poor network
2014-11-17 22:43:43,153 -- connecting to vehicle
2014-11-17 22:43:43,153 -- connecting to vehicle
2014-11-17 22:43:43,268 -- connected to 192.168.1.50
2014-11-17 22:43:43,268 -- connected to 192.168.1.50
2014-11-17 22:43:44,741 -- Input limites applied - poor network
2014-11-17 22:43:44,741 -- Input limites applied - poor network
2014-11-17 22:43:45,762 -- Input limites applied - poor network
2014-11-17 22:43:45,762 -- Input limites applied - poor network
2014-11-17 22:43:46,477 -- Input limites applied - poor network
2014-11-17 22:43:46,477 -- Input limites applied - poor network
2014-11-17 22:43:47,967 -- Input limites applied - poor network
2014-11-17 22:43:47,967 -- Input limites applied - poor network
2014-11-17 22:43:48,421 -- Input limites applied - poor network
2014-11-17 22:43:48,421 -- Input limites applied - poor network
2014-11-17 22:43:49,549 -- Input limites applied - poor network
2014-11-17 22:43:49,549 -- Input limites applied - poor network
2014-11-17 22:43:50,470 -- Input limites applied - poor network
2014-11-17 22:43:50,470 -- Input limites applied - poor network
2014-11-17 22:43:51,502 -- Input limites applied - poor network
2014-11-17 22:43:51,502 -- Input limites applied - poor network
2014-11-17 22:43:52,620 -- Input limites applied - poor network
2014-11-17 22:43:52,620 -- Input limites applied - poor network
2014-11-17 22:43:53,543 -- Input limites applied - poor network
2014-11-17 22:43:53,543 -- Input limites applied - poor network
2014-11-17 22:43:54,469 -- Input limites applied - poor network
2014-11-17 22:43:54,469 -- Input limites applied - poor network
2014-11-17 22:43:55,980 -- Input limites applied - poor network
2014-11-17 22:43:55,980 -- Input limites applied - poor network
2014-11-17 22:43:56,515 -- Input limites applied - poor network
2014-11-17 22:43:56,515 -- Input limites applied - poor network
2014-11-17 22:43:57,639 -- Input limites applied - poor network
2014-11-17 22:43:57,639 -- Input limites applied - poor network
2014-11-17 22:43:58,561 -- Input limites applied - poor network
2014-11-17 22:43:58,561 -- Input limites applied - poor network
2014-11-17 22:43:59,481 -- Input limites applied - poor network
2014-11-17 22:43:59,481 -- Input limites applied - poor network
2014-11-17 22:44:00,806 -- Input limites applied - poor network
2014-11-17 22:44:00,806 -- Input limites applied - poor network
2014-11-17 22:44:01,430 -- Input limites applied - poor network
2014-11-17 22:44:01,430 -- Input limites applied - poor network
2014-11-17 22:44:02,560 -- Input limites applied - poor network
2014-11-17 22:44:02,560 -- Input limites applied - poor network
2014-11-17 22:44:03,475 -- Input limites applied - poor network
2014-11-17 22:44:03,475 -- Input limites applied - poor network
2014-11-17 22:44:04,710 -- Input limites applied - poor network
2014-11-17 22:44:04,710 -- Input limites applied - poor network
2014-11-17 22:44:13,512 -- Input limites applied - poor network
2014-11-17 22:44:13,512 -- Input limites applied - poor network
2014-11-17 22:44:14,535 -- Input limites applied - poor network
2014-11-17 22:44:14,535 -- Input limites applied - poor network
2014-11-17 22:44:17,722 -- Input limites applied - poor network
2014-11-17 22:44:17,722 -- Input limites applied - poor network
2014-11-17 22:44:22,527 -- Input limites applied - poor network
2014-11-17 22:44:22,527 -- Input limites applied - poor network
2014-11-17 22:44:23,552 -- Input limites applied - poor network
2014-11-17 22:44:23,552 -- Input limites applied - poor network
2014-11-17 22:44:24,571 -- Input limites applied - poor network
2014-11-17 22:44:24,571 -- Input limites applied - poor network
2014-11-17 22:44:25,782 -- Input limites applied - poor network
2014-11-17 22:44:25,782 -- Input limites applied - poor network
2014-11-17 22:44:27,644 -- Input limites applied - poor network
2014-11-17 22:44:27,644 -- Input limites applied - poor network
2014-11-17 22:44:28,565 -- Input limites applied - poor network
2014-11-17 22:44:28,565 -- Input limites applied - poor network
2014-11-17 22:44:30,004 -- Input limites applied - poor network
2014-11-17 22:44:30,004 -- Input limites applied - poor network
2014-11-17 22:44:32,981 -- Input limites applied - poor network
2014-11-17 22:44:32,981 -- Input limites applied - poor network
2014-11-17 22:44:33,523 -- Input limites applied - poor network
2014-11-17 22:44:33,523 -- Input limites applied - poor network
2014-11-17 22:44:36,604 -- Input limites applied - poor network
2014-11-17 22:44:36,604 -- Input limites applied - poor network
2014-11-17 22:44:37,914 -- Input limites applied - poor network
2014-11-17 22:44:37,914 -- Input limites applied - poor network
2014-11-17 22:44:41,582 -- Input limites applied - poor network
2014-11-17 22:44:41,582 -- Input limites applied - poor network
2014-11-17 22:44:44,465 -- Input limites applied - poor network
2014-11-17 22:44:44,465 -- Input limites applied - poor network
2014-11-17 22:44:48,385 -- Input limites applied - poor network
2014-11-17 22:44:48,385 -- Input limites applied - poor network
2014-11-17 22:44:49,773 -- Input limites applied - poor network
2014-11-17 22:44:49,773 -- Input limites applied - poor network
2014-11-17 22:44:50,795 -- Input limites applied - poor network
2014-11-17 22:44:50,795 -- Input limites applied - poor network
2014-11-17 22:44:51,505 -- Input limites applied - poor network
2014-11-17 22:44:51,505 -- Input limites applied - poor network
2014-11-17 22:44:52,793 -- Input limites applied - poor network
2014-11-17 22:44:52,793 -- Input limites applied - poor network
2014-11-17 22:44:53,798 -- Input limites applied - poor network
2014-11-17 22:44:53,798 -- Input limites applied - poor network
2014-11-17 22:44:55,605 -- Input limites applied - poor network
2014-11-17 22:44:55,605 -- Input limites applied - poor network
2014-11-17 22:44:56,625 -- Input limites applied - poor network
2014-11-17 22:44:56,625 -- Input limites applied - poor network
2014-11-17 22:44:57,648 -- Input limites applied - poor network
2014-11-17 22:44:57,648 -- Input limites applied - poor network
2014-11-17 22:44:58,777 -- Input limites applied - poor network
2014-11-17 22:44:58,777 -- Input limites applied - poor network
2014-11-17 22:44:59,596 -- Input limites applied - poor network
2014-11-17 22:44:59,596 -- Input limites applied - poor network
2014-11-17 22:45:00,623 -- Input limites applied - poor network
2014-11-17 22:45:00,623 -- Input limites applied - poor network
2014-11-17 22:45:01,547 -- Input limites applied - poor network
2014-11-17 22:45:01,547 -- Input limites applied - poor network
2014-11-17 22:45:02,666 -- Input limites applied - poor network
2014-11-17 22:45:02,666 -- Input limites applied - poor network
2014-11-17 22:45:03,587 -- Input limites applied - poor network
2014-11-17 22:45:03,587 -- Input limites applied - poor network
2014-11-17 22:45:06,096 -- Input limites applied - poor network
2014-11-17 22:45:06,096 -- Input limites applied - poor network
2014-11-17 22:45:06,556 -- Input limites applied - poor network
2014-11-17 22:45:06,556 -- Input limites applied - poor network
2014-11-17 22:45:07,587 -- Input limites applied - poor network
2014-11-17 22:45:07,587 -- Input limites applied - poor network
2014-11-17 22:45:08,514 -- Input limites applied - poor network
2014-11-17 22:45:08,514 -- Input limites applied - poor network
2014-11-17 22:45:09,636 -- Input limites applied - poor network
2014-11-17 22:45:09,636 -- Input limites applied - poor network
2014-11-17 22:45:10,653 -- Input limites applied - poor network
2014-11-17 22:45:10,653 -- Input limites applied - poor network
2014-11-17 22:45:11,583 -- Input limites applied - poor network
2014-11-17 22:45:11,583 -- Input limites applied - poor network
2014-11-17 22:45:12,512 -- Input limites applied - poor network
2014-11-17 22:45:12,512 -- Input limites applied - poor network
2014-11-17 22:45:14,226 -- Input limites applied - poor network
2014-11-17 22:45:14,226 -- Input limites applied - poor network
2014-11-17 22:45:14,546 -- Input limites applied - poor network
2014-11-17 22:45:14,546 -- Input limites applied - poor network
2014-11-17 22:45:15,586 -- Input limites applied - poor network
2014-11-17 22:45:15,586 -- Input limites applied - poor network
2014-11-17 22:45:18,746 -- Input limites applied - poor network
2014-11-17 22:45:18,746 -- Input limites applied - poor network
2014-11-17 22:45:19,565 -- Input limites applied - poor network
2014-11-17 22:45:19,565 -- Input limites applied - poor network
2014-11-17 22:45:20,864 -- Input limites applied - poor network
2014-11-17 22:45:20,864 -- Input limites applied - poor network
2014-11-17 22:45:21,712 -- Input limites applied - poor network
2014-11-17 22:45:21,712 -- Input limites applied - poor network
2014-11-17 22:45:22,526 -- Input limites applied - poor network
2014-11-17 22:45:22,526 -- Input limites applied - poor network
2014-11-17 22:45:23,659 -- Input limites applied - poor network
2014-11-17 22:45:23,659 -- Input limites applied - poor network
2014-11-17 22:45:24,996 -- Input limites applied - poor network
2014-11-17 22:45:24,996 -- Input limites applied - poor network
2014-11-17 22:45:25,607 -- Input limites applied - poor network
2014-11-17 22:45:25,607 -- Input limites applied - poor network
2014-11-17 22:45:26,836 -- Input limites applied - poor network
2014-11-17 22:45:26,836 -- Input limites applied - poor network
2014-11-17 22:45:28,577 -- Input limites applied - poor network
2014-11-17 22:45:28,577 -- Input limites applied - poor network
2014-11-17 22:45:29,601 -- Input limites applied - poor network
2014-11-17 22:45:29,601 -- Input limites applied - poor network
2014-11-17 22:45:30,625 -- Input limites applied - poor network
2014-11-17 22:45:30,625 -- Input limites applied - poor network
2014-11-17 22:45:31,657 -- Input limites applied - poor network
2014-11-17 22:45:31,657 -- Input limites applied - poor network
2014-11-17 22:45:32,576 -- Input limites applied - poor network
2014-11-17 22:45:32,576 -- Input limites applied - poor network
2014-11-17 22:45:33,881 -- Input limites applied - poor network
2014-11-17 22:45:33,881 -- Input limites applied - poor network
2014-11-17 22:45:34,893 -- Input limites applied - poor network
2014-11-17 22:45:34,893 -- Input limites applied - poor network
2014-11-17 22:45:35,642 -- Input limites applied - poor network
2014-11-17 22:45:35,642 -- Input limites applied - poor network
2014-11-17 22:45:37,247 -- Input limites applied - poor network
2014-11-17 22:45:37,247 -- Input limites applied - poor network
2014-11-17 22:45:37,591 -- Input limites applied - poor network
2014-11-17 22:45:37,591 -- Input limites applied - poor network
2014-11-17 22:45:38,618 -- Input limites applied - poor network
2014-11-17 22:45:38,618 -- Input limites applied - poor network
2014-11-17 22:45:39,957 -- Input limites applied - poor network
2014-11-17 22:45:39,957 -- Input limites applied - poor network
2014-11-17 22:45:40,660 -- Input limites applied - poor network
2014-11-17 22:45:40,660 -- Input limites applied - poor network
2014-11-17 22:45:42,105 -- Input limites applied - poor network
2014-11-17 22:45:42,105 -- Input limites applied - poor network
2014-11-17 22:45:42,610 -- Input limites applied - poor network
2014-11-17 22:45:42,610 -- Input limites applied - poor network
2014-11-17 22:45:44,931 -- Input limites applied - poor network
2014-11-17 22:45:44,931 -- Input limites applied - poor network
2014-11-17 22:45:45,579 -- Input limites applied - poor network
2014-11-17 22:45:45,579 -- Input limites applied - poor network
2014-11-17 22:45:47,276 -- Input limites applied - poor network
2014-11-17 22:45:47,276 -- Input limites applied - poor network
2014-11-17 22:45:48,045 -- Input limites applied - poor network
2014-11-17 22:45:48,045 -- Input limites applied - poor network
2014-11-17 22:45:48,648 -- Input limites applied - poor network
2014-11-17 22:45:48,648 -- Input limites applied - poor network
2014-11-17 22:45:49,671 -- Input limites applied - poor network
2014-11-17 22:45:49,671 -- Input limites applied - poor network
2014-11-17 22:45:51,127 -- Input limites applied - poor network
2014-11-17 22:45:51,127 -- Input limites applied - poor network
2014-11-17 22:45:52,655 -- Input limites applied - poor network
2014-11-17 22:45:52,655 -- Input limites applied - poor network
2014-11-17 22:45:53,874 -- Input limites applied - poor network
2014-11-17 22:45:53,874 -- Input limites applied - poor network
2014-11-17 22:45:54,871 -- Input limites applied - poor network
2014-11-17 22:45:54,871 -- Input limites applied - poor network
2014-11-17 22:45:57,927 -- Input limites applied - poor network
2014-11-17 22:45:57,927 -- Input limites applied - poor network
2014-11-17 22:46:03,874 -- Input limites applied - poor network
2014-11-17 22:46:03,874 -- Input limites applied - poor network
2014-11-17 22:46:11,099 -- Input limites applied - poor network
2014-11-17 22:46:11,099 -- Input limites applied - poor network
2014-11-17 22:46:11,795 -- Input limites applied - poor network
2014-11-17 22:46:11,795 -- Input limites applied - poor network
2014-11-17 22:46:12,914 -- Input limites applied - poor network
2014-11-17 22:46:12,914 -- Input limites applied - poor network
2014-11-17 22:46:13,943 -- Input limites applied - poor network
2014-11-17 22:46:13,943 -- Input limites applied - poor network
2014-11-17 22:46:15,177 -- Input limites applied - poor network
2014-11-17 22:46:15,177 -- Input limites applied - poor network
2014-11-17 22:46:15,885 -- Input limites applied - poor network
2014-11-17 22:46:15,885 -- Input limites applied - poor network
2014-11-17 22:46:16,909 -- Input limites applied - poor network
2014-11-17 22:46:16,909 -- Input limites applied - poor network
2014-11-17 22:46:23,789 -- Input limites applied - poor network
2014-11-17 22:46:23,789 -- Input limites applied - poor network
2014-11-17 22:46:25,819 -- Input limites applied - poor network
2014-11-17 22:46:25,819 -- Input limites applied - poor network
2014-11-17 22:46:32,930 -- Input limites applied - poor network
2014-11-17 22:46:32,930 -- Input limites applied - poor network
2014-11-17 22:46:36,059 -- Input limites applied - poor network
2014-11-17 22:46:36,059 -- Input limites applied - poor network
2014-11-17 22:46:36,800 -- Input limites applied - poor network
2014-11-17 22:46:36,800 -- Input limites applied - poor network
2014-11-17 22:46:38,832 -- Input limites applied - poor network
2014-11-17 22:46:38,832 -- Input limites applied - poor network
2014-11-17 22:46:39,795 -- Input limites applied - poor network
2014-11-17 22:46:39,795 -- Input limites applied - poor network
2014-11-17 22:46:40,976 -- Input limites applied - poor network
2014-11-17 22:46:40,976 -- Input limites applied - poor network
2014-11-17 22:46:41,933 -- Input limites applied - poor network
2014-11-17 22:46:41,933 -- Input limites applied - poor network
2014-11-17 22:46:43,944 -- Input limites applied - poor network
2014-11-17 22:46:43,944 -- Input limites applied - poor network
2014-11-17 22:46:45,996 -- Input limites applied - poor network
2014-11-17 22:46:45,996 -- Input limites applied - poor network
2014-11-17 22:46:46,916 -- Input limites applied - poor network
2014-11-17 22:46:46,916 -- Input limites applied - poor network
2014-11-17 22:46:47,835 -- Input limites applied - poor network
2014-11-17 22:46:47,835 -- Input limites applied - poor network
2014-11-17 22:46:48,961 -- Input limites applied - poor network
2014-11-17 22:46:48,961 -- Input limites applied - poor network
2014-11-17 22:46:49,985 -- Input limites applied - poor network
2014-11-17 22:46:49,985 -- Input limites applied - poor network
2014-11-17 22:46:51,936 -- Input limites applied - poor network
2014-11-17 22:46:51,936 -- Input limites applied - poor network
2014-11-17 22:46:52,857 -- Input limites applied - poor network
2014-11-17 22:46:52,857 -- Input limites applied - poor network
2014-11-17 22:46:53,881 -- Input limites applied - poor network
2014-11-17 22:46:53,881 -- Input limites applied - poor network
2014-11-17 22:46:55,925 -- Input limites applied - poor network
2014-11-17 22:46:55,925 -- Input limites applied - poor network
2014-11-17 22:46:57,678 -- Input limites applied - poor network
2014-11-17 22:46:57,678 -- Input limites applied - poor network
2014-11-17 22:46:59,816 -- Input limites applied - poor network
2014-11-17 22:46:59,816 -- Input limites applied - poor network
2014-11-17 22:47:00,840 -- Input limites applied - poor network
2014-11-17 22:47:00,840 -- Input limites applied - poor network
2014-11-17 22:47:01,968 -- Input limites applied - poor network
2014-11-17 22:47:01,968 -- Input limites applied - poor network
2014-11-17 22:47:02,897 -- Input limites applied - poor network
2014-11-17 22:47:02,897 -- Input limites applied - poor network
2014-11-17 22:47:03,915 -- Input limites applied - poor network
2014-11-17 22:47:03,915 -- Input limites applied - poor network
2014-11-17 22:47:04,837 -- Input limites applied - poor network
2014-11-17 22:47:04,837 -- Input limites applied - poor network
2014-11-17 22:47:06,068 -- Input limites applied - poor network
2014-11-17 22:47:06,068 -- Input limites applied - poor network
2014-11-17 22:47:06,886 -- Input limites applied - poor network
2014-11-17 22:47:06,886 -- Input limites applied - poor network
2014-11-17 22:47:07,948 -- Input limites applied - poor network
2014-11-17 22:47:07,948 -- Input limites applied - poor network
2014-11-17 22:47:08,908 -- Input limites applied - poor network
2014-11-17 22:47:08,908 -- Input limites applied - poor network
2014-11-17 22:47:09,932 -- Input limites applied - poor network
2014-11-17 22:47:09,932 -- Input limites applied - poor network
2014-11-17 22:47:26,860 -- Input limites applied - poor network
2014-11-17 22:47:26,860 -- Input limites applied - poor network
2014-11-17 22:47:27,882 -- Input limites applied - poor network
2014-11-17 22:47:27,882 -- Input limites applied - poor network
2014-11-17 22:47:28,899 -- Input limites applied - poor network
2014-11-17 22:47:28,899 -- Input limites applied - poor network
2014-11-17 22:47:30,028 -- Input limites applied - poor network
2014-11-17 22:47:30,028 -- Input limites applied - poor network
2014-11-17 22:47:30,948 -- Input limites applied - poor network
2014-11-17 22:47:30,948 -- Input limites applied - poor network
2014-11-17 22:47:31,972 -- Input limites applied - poor network
2014-11-17 22:47:31,972 -- Input limites applied - poor network
2014-11-17 22:47:32,996 -- Input limites applied - poor network
2014-11-17 22:47:32,996 -- Input limites applied - poor network
2014-11-17 22:47:33,917 -- Input limites applied - poor network
2014-11-17 22:47:33,917 -- Input limites applied - poor network
2014-11-17 22:47:35,261 -- Input limites applied - poor network
2014-11-17 22:47:35,261 -- Input limites applied - poor network
2014-11-17 22:47:44,123 -- Input limites applied - poor network
2014-11-17 22:47:44,123 -- Input limites applied - poor network
2014-11-17 22:48:00,150 -- Input limites applied - poor network
2014-11-17 22:48:00,150 -- Input limites applied - poor network
2014-11-17 22:48:02,144 -- Input limites applied - poor network
2014-11-17 22:48:02,144 -- Input limites applied - poor network
2014-11-17 22:48:44,786 -- Input limites applied - poor network
2014-11-17 22:48:44,786 -- Input limites applied - poor network
2014-11-17 22:48:47,366 -- Input limites applied - poor network
2014-11-17 22:48:47,366 -- Input limites applied - poor network
2014-11-17 22:48:50,108 -- Input limites applied - poor network
2014-11-17 22:48:50,108 -- Input limites applied - poor network
2014-11-17 22:48:54,417 -- Input limites applied - poor network
2014-11-17 22:48:54,417 -- Input limites applied - poor network
2014-11-17 22:48:55,496 -- Input limites applied - poor network
2014-11-17 22:48:55,496 -- Input limites applied - poor network
2014-11-17 22:48:56,476 -- Input limites applied - poor network
2014-11-17 22:48:56,476 -- Input limites applied - poor network
2014-11-17 22:48:57,474 -- Input limites applied - poor network
2014-11-17 22:48:57,474 -- Input limites applied - poor network
2014-11-17 22:48:59,542 -- Input limites applied - poor network
2014-11-17 22:48:59,542 -- Input limites applied - poor network
2014-11-17 22:49:00,379 -- Input limites applied - poor network
2014-11-17 22:49:00,379 -- Input limites applied - poor network
2014-11-17 22:49:01,071 -- Input limites applied - poor network
2014-11-17 22:49:01,071 -- Input limites applied - poor network
2014-11-17 22:49:02,500 -- Input limites applied - poor network
2014-11-17 22:49:02,500 -- Input limites applied - poor network
2014-11-17 22:49:03,220 -- Input limites applied - poor network
2014-11-17 22:49:03,220 -- Input limites applied - poor network
2014-11-17 22:49:04,344 -- Input limites applied - poor network
2014-11-17 22:49:04,344 -- Input limites applied - poor network
2014-11-17 22:49:06,084 -- Input limites applied - poor network
2014-11-17 22:49:06,084 -- Input limites applied - poor network
2014-11-17 22:49:07,368 -- Input limites applied - poor network
2014-11-17 22:49:07,368 -- Input limites applied - poor network
2014-11-17 22:49:08,132 -- Input limites applied - poor network
2014-11-17 22:49:08,132 -- Input limites applied - poor network
2014-11-17 22:49:09,367 -- Input limites applied - poor network
2014-11-17 22:49:09,367 -- Input limites applied - poor network
2014-11-17 22:49:10,369 -- Input limites applied - poor network
2014-11-17 22:49:10,369 -- Input limites applied - poor network
2014-11-17 22:49:11,367 -- Input limites applied - poor network
2014-11-17 22:49:11,367 -- Input limites applied - poor network
2014-11-17 22:49:12,367 -- Input limites applied - poor network
2014-11-17 22:49:12,367 -- Input limites applied - poor network
2014-11-17 22:49:13,364 -- Input limites applied - poor network
2014-11-17 22:49:13,364 -- Input limites applied - poor network
2014-11-17 22:49:14,373 -- Input limites applied - poor network
2014-11-17 22:49:14,373 -- Input limites applied - poor network
2014-11-17 22:49:15,608 -- Input limites applied - poor network
2014-11-17 22:49:15,608 -- Input limites applied - poor network
2014-11-17 22:49:16,365 -- Input limites applied - poor network
2014-11-17 22:49:16,365 -- Input limites applied - poor network
2014-11-17 22:49:17,657 -- Input limites applied - poor network
2014-11-17 22:49:17,657 -- Input limites applied - poor network
2014-11-17 22:49:18,476 -- Input limites applied - poor network
2014-11-17 22:49:18,476 -- Input limites applied - poor network
2014-11-17 22:49:19,775 -- Input limites applied - poor network
2014-11-17 22:49:19,775 -- Input limites applied - poor network
2014-11-17 22:49:21,365 -- Input limites applied - poor network
2014-11-17 22:49:21,365 -- Input limites applied - poor network
2014-11-17 22:49:22,391 -- Input limites applied - poor network
2014-11-17 22:49:22,391 -- Input limites applied - poor network
2014-11-17 22:49:24,517 -- Input limites applied - poor network
2014-11-17 22:49:24,517 -- Input limites applied - poor network
2014-11-17 22:49:25,129 -- Input limites applied - poor network
2014-11-17 22:49:25,129 -- Input limites applied - poor network
2014-11-17 22:49:26,153 -- Input limites applied - poor network
2014-11-17 22:49:26,153 -- Input limites applied - poor network
2014-11-17 22:49:27,078 -- Input limites applied - poor network
2014-11-17 22:49:27,078 -- Input limites applied - poor network
2014-11-17 22:49:28,377 -- Input limites applied - poor network
2014-11-17 22:49:28,377 -- Input limites applied - poor network
2014-11-17 22:49:30,252 -- Input limites applied - poor network
2014-11-17 22:49:30,252 -- Input limites applied - poor network
2014-11-17 22:49:31,367 -- Input limites applied - poor network
2014-11-17 22:49:31,367 -- Input limites applied - poor network
2014-11-17 22:49:32,402 -- Input limites applied - poor network
2014-11-17 22:49:32,402 -- Input limites applied - poor network
2014-11-17 22:49:33,324 -- Input limites applied - poor network
2014-11-17 22:49:33,324 -- Input limites applied - poor network
2014-11-17 22:49:34,143 -- Input limites applied - poor network
2014-11-17 22:49:34,143 -- Input limites applied - poor network
2014-11-17 22:49:35,167 -- Input limites applied - poor network
2014-11-17 22:49:35,167 -- Input limites applied - poor network
2014-11-17 22:49:36,468 -- Input limites applied - poor network
2014-11-17 22:49:36,468 -- Input limites applied - poor network
2014-11-17 22:49:37,317 -- Input limites applied - poor network
2014-11-17 22:49:37,317 -- Input limites applied - poor network
2014-11-17 22:49:38,138 -- Input limites applied - poor network
2014-11-17 22:49:38,138 -- Input limites applied - poor network
2014-11-17 22:49:39,063 -- Input limites applied - poor network
2014-11-17 22:49:39,063 -- Input limites applied - poor network
2014-11-17 22:49:40,490 -- Input limites applied - poor network
2014-11-17 22:49:40,490 -- Input limites applied - poor network
2014-11-17 22:49:41,311 -- Input limites applied - poor network
2014-11-17 22:49:41,311 -- Input limites applied - poor network
2014-11-17 22:49:42,338 -- Input limites applied - poor network
2014-11-17 22:49:42,338 -- Input limites applied - poor network
2014-11-17 22:49:43,259 -- Input limites applied - poor network
2014-11-17 22:49:43,259 -- Input limites applied - poor network
2014-11-17 22:49:44,365 -- Input limites applied - poor network
2014-11-17 22:49:44,365 -- Input limites applied - poor network
2014-11-17 22:49:45,200 -- Input limites applied - poor network
2014-11-17 22:49:45,200 -- Input limites applied - poor network
2014-11-17 22:49:46,124 -- Input limites applied - poor network
2014-11-17 22:49:46,124 -- Input limites applied - poor network
2014-11-17 22:49:47,367 -- Input limites applied - poor network
2014-11-17 22:49:47,367 -- Input limites applied - poor network
2014-11-17 22:49:48,479 -- Input limites applied - poor network
2014-11-17 22:49:48,479 -- Input limites applied - poor network
2014-11-17 22:49:49,370 -- Input limites applied - poor network
2014-11-17 22:49:49,370 -- Input limites applied - poor network
2014-11-17 22:49:50,377 -- Input limites applied - poor network
2014-11-17 22:49:50,377 -- Input limites applied - poor network
2014-11-17 22:49:52,414 -- Input limites applied - poor network
2014-11-17 22:49:52,414 -- Input limites applied - poor network
2014-11-17 22:49:53,900 -- network connection error - Receive
2014-11-17 22:49:53,900 -- network connection error - Receive
2014-11-17 22:49:53,901 -- vehicle connection failed
2014-11-17 22:49:53,901 -- vehicle connection failed
2014-11-17 23:13:33,269 -- user closed controls after network failure
2014-11-17 23:13:33,269 -- user closed controls after network failure
